<?xml version="1.0" encoding="UTF-8"?>
<!-- Generated by org.testng.reporters.JUnitXMLReporter -->
<testsuite ignored="0" hostname="Surendhar-PC" failures="0" tests="4" name="TestFire" time="11.627" errors="0" timestamp="2023-02-19T16:23:57 IST">
  <testcase classname="com.Runner.org.TestngTest" name="launchUrl" time="1.487"/>
  <testcase classname="com.Runner.org.TestngTest" name="testOne" time="0.116"/>
  <testcase classname="com.Runner.org.TestngTest" name="testTwo" time="0.06"/>
  <testcase classname="com.Runner.org.TestngTest" name="testThree" time="5.282"/>
</testsuite> <!-- TestFire -->
