<?xml version="1.0" encoding="UTF-8"?>
<!-- Generated by org.testng.reporters.JUnitXMLReporter -->
<testsuite ignored="0" hostname="Surendhar-PC" failures="0" tests="4" name="TestChrome" time="21.894" errors="0" timestamp="2023-02-19T16:40:02 IST">
  <testcase classname="com.Runner.org.TestngTest" name="launchUrl" time="1.152"/>
  <testcase classname="com.Runner.org.TestngTest" name="testOne" time="3.12"/>
  <testcase classname="com.Runner.org.TestngTest" name="testThree" time="3.087"/>
  <testcase classname="com.Runner.org.TestngTest" name="testTwo" time="7.766"/>
</testsuite> <!-- TestChrome -->
