<?xml version="1.0" encoding="UTF-8"?>
<!-- Generated by org.testng.reporters.JUnitXMLReporter -->
<testsuite ignored="0" hostname="Surendhar-PC" failures="0" tests="4" name="TestEdge" time="5.764" errors="0" timestamp="2023-02-19T16:24:02 IST">
  <testcase classname="com.Runner.org.TestngTest" name="launchUrl" time="1.954"/>
  <testcase classname="com.Runner.org.TestngTest" name="testOne" time="0.094"/>
  <testcase classname="com.Runner.org.TestngTest" name="testTwo" time="0.095"/>
  <testcase classname="com.Runner.org.TestngTest" name="testThree" time="0.079"/>
</testsuite> <!-- TestEdge -->
