<?xml version="1.0" encoding="UTF-8"?>
<!-- Generated by org.testng.reporters.JUnitXMLReporter -->
<testsuite ignored="0" hostname="Surendhar-PC" failures="0" tests="4" name="Test" time="5.205" errors="0" timestamp="2023-02-19T15:42:01 IST">
  <testcase classname="com.Runner.org.TestngTest" name="launchUrl" time="1.126"/>
  <testcase classname="com.Runner.org.TestngTest" name="testOne" time="0.11"/>
  <testcase classname="com.Runner.org.TestngTest" name="testTwo" time="0.095"/>
  <testcase classname="com.Runner.org.TestngTest" name="testThree" time="0.08"/>
</testsuite> <!-- Test -->
