<?xml version="1.0" encoding="UTF-8"?>
<testng-results ignored="0" total="4" passed="4" failed="0" skipped="0">
  <reporter-output>
  </reporter-output>
  <suite started-at="2023-02-19T16:39:40 IST" name="Suite" finished-at="2023-02-19T16:40:02 IST" duration-ms="21894">
    <groups>
    </groups>
    <test started-at="2023-02-19T16:39:40 IST" name="TestChrome" finished-at="2023-02-19T16:40:02 IST" duration-ms="21894">
      <class name="com.Runner.org.TestngTest">
        <test-method is-config="true" signature="browser(java.lang.String)[pri:0, instance:com.Runner.org.TestngTest@32ee6fee]" started-at="2023-02-19T16:39:40 IST" name="browser" finished-at="2023-02-19T16:39:43 IST" duration-ms="2982" status="PASS">
          <params>
            <param index="0">
              <value>
                <![CDATA[Chrome]]>
              </value>
            </param>
          </params>
          <reporter-output>
          </reporter-output>
        </test-method> <!-- browser -->
        <test-method signature="launchUrl(java.lang.String)[pri:0, instance:com.Runner.org.TestngTest@32ee6fee]" started-at="2023-02-19T16:39:43 IST" name="launchUrl" finished-at="2023-02-19T16:39:44 IST" duration-ms="1152" status="PASS">
          <params>
            <param index="0">
              <value>
                <![CDATA[https://www.facebook.com/]]>
              </value>
            </param>
          </params>
          <reporter-output>
          </reporter-output>
        </test-method> <!-- launchUrl -->
        <test-method signature="testOne(java.lang.String)[pri:0, instance:com.Runner.org.TestngTest@32ee6fee]" started-at="2023-02-19T16:39:44 IST" name="testOne" finished-at="2023-02-19T16:39:47 IST" duration-ms="3120" status="PASS">
          <params>
            <param index="0">
              <value>
                <![CDATA[abc@gamil.com]]>
              </value>
            </param>
          </params>
          <reporter-output>
          </reporter-output>
        </test-method> <!-- testOne -->
        <test-method signature="testThree()[pri:0, instance:com.Runner.org.TestngTest@32ee6fee]" started-at="2023-02-19T16:39:47 IST" name="testThree" finished-at="2023-02-19T16:39:50 IST" duration-ms="3087" status="PASS">
          <reporter-output>
          </reporter-output>
        </test-method> <!-- testThree -->
        <test-method signature="testTwo(java.lang.String)[pri:0, instance:com.Runner.org.TestngTest@32ee6fee]" started-at="2023-02-19T16:39:50 IST" name="testTwo" finished-at="2023-02-19T16:39:58 IST" duration-ms="7766" status="PASS">
          <params>
            <param index="0">
              <value>
                <![CDATA[123456]]>
              </value>
            </param>
          </params>
          <reporter-output>
          </reporter-output>
        </test-method> <!-- testTwo -->
        <test-method is-config="true" signature="quit()[pri:0, instance:com.Runner.org.TestngTest@32ee6fee]" started-at="2023-02-19T16:39:58 IST" name="quit" finished-at="2023-02-19T16:40:02 IST" duration-ms="3734" status="PASS">
          <reporter-output>
          </reporter-output>
        </test-method> <!-- quit -->
      </class> <!-- com.Runner.org.TestngTest -->
    </test> <!-- TestChrome -->
  </suite> <!-- Suite -->
</testng-results>
